# JRE version: Java(TM) SE Runtime Environment (17.0.8+9) (build 17.0.8+9-LTS-211)
# Java VM: Java HotSpot(TM) 64-Bit Server VM (17.0.8+9-LTS-211, mixed mode, emulated-client, sharing, tiered, compressed oops, compressed class ptrs, g1 gc, windows-amd64)
GC Precious Log:
 CPUs: 8 total, 8 available
 Memory: 8029M
 Large Page Support: Disabled
 NUMA Support: Disabled
 Compressed Oops: Enabled (32-bit)
 Heap Region Size: 1M
 Heap Min Capacity: 8M
 Heap Initial Capacity: 126M
 Heap Max Capacity: 2008M
 Pre-touch: Disabled
 Parallel Workers: 8
 Concurrent Workers: 2
 Concurrent Refinement Workers: 8
 Periodic GC: Disabled
Heap:
 garbage-first heap   total 124928K, used 81396K [0x0000000082800000, 0x0000000100000000)
  region size 1024K, 19 young (19456K), 4 survivors (4096K)
 Metaspace       used 77984K, committed 78528K, reserved 1179648K
  class space    used 11287K, committed 11520K, reserved 1048576K
GC Heap History (20 events):
Event: 6.818 GC heap before
{Heap before GC invocations=11 (full 0):
 garbage-first heap   total 81920K, used 66872K [0x0000000082800000, 0x0000000100000000)
  region size 1024K, 48 young (49152K), 5 survivors (5120K)
 Metaspace       used 47767K, committed 48256K, reserved 1114112K
  class space    used 6630K, committed 6848K, reserved 1048576K
}
Event: 6.825 GC heap after
{Heap after GC invocations=12 (full 0):
 garbage-first heap   total 81920K, used 26142K [0x0000000082800000, 0x0000000100000000)
  region size 1024K, 6 young (6144K), 6 survivors (6144K)
 Metaspace       used 47767K, committed 48256K, reserved 1114112K
  class space    used 6630K, committed 6848K, reserved 1048576K
}
Event: 6.849 GC heap before
{Heap before GC invocations=12 (full 0):
 garbage-first heap   total 81920K, used 27166K [0x0000000082800000, 0x0000000100000000)
  region size 1024K, 7 young (7168K), 6 survivors (6144K)
 Metaspace       used 47948K, committed 48384K, reserved 1114112K
  class space    used 6655K, committed 6848K, reserved 1048576K
}
Event: 6.853 GC heap after
{Heap after GC invocations=13 (full 0):
 garbage-first heap   total 81920K, used 26333K [0x0000000082800000, 0x0000000100000000)
  region size 1024K, 1 young (1024K), 1 survivors (1024K)
 Metaspace       used 47948K, committed 48384K, reserved 1114112K
  class space    used 6655K, committed 6848K, reserved 1048576K
}
Event: 7.534 GC heap before
{Heap before GC invocations=13 (full 0):
 garbage-first heap   total 81920K, used 62173K [0x0000000082800000, 0x0000000100000000)
  region size 1024K, 37 young (37888K), 1 survivors (1024K)
 Metaspace       used 56131K, committed 56576K, reserved 1114112K
  class space    used 7907K, committed 8128K, reserved 1048576K
}
Event: 7.537 GC heap after
{Heap after GC invocations=14 (full 0):
 garbage-first heap   total 81920K, used 27352K [0x0000000082800000, 0x0000000100000000)
  region size 1024K, 2 young (2048K), 2 survivors (2048K)
 Metaspace       used 56131K, committed 56576K, reserved 1114112K
  class space    used 7907K, committed 8128K, reserved 1048576K
}
Event: 7.856 GC heap before
{Heap before GC invocations=14 (full 0):
 garbage-first heap   total 81920K, used 46808K [0x0000000082800000, 0x0000000100000000)
  region size 1024K, 22 young (22528K), 2 survivors (2048K)
 Metaspace       used 59625K, committed 60160K, reserved 1114112K
  class space    used 8443K, committed 8704K, reserved 1048576K
}
Event: 7.859 GC heap after
{Heap after GC invocations=15 (full 0):
 garbage-first heap   total 81920K, used 27931K [0x0000000082800000, 0x0000000100000000)
  region size 1024K, 3 young (3072K), 3 survivors (3072K)
 Metaspace       used 59625K, committed 60160K, reserved 1114112K
  class space    used 8443K, committed 8704K, reserved 1048576K
}
Event: 9.422 GC heap before
{Heap before GC invocations=16 (full 0):
 garbage-first heap   total 81920K, used 64795K [0x0000000082800000, 0x0000000100000000)
  region size 1024K, 39 young (39936K), 3 survivors (3072K)
 Metaspace       used 65158K, committed 65728K, reserved 1114112K
  class space    used 9333K, committed 9600K, reserved 1048576K
}
Event: 9.429 GC heap after
{Heap after GC invocations=17 (full 0):
 garbage-first heap   total 124928K, used 31793K [0x0000000082800000, 0x0000000100000000)
  region size 1024K, 5 young (5120K), 5 survivors (5120K)
 Metaspace       used 65158K, committed 65728K, reserved 1114112K
  class space    used 9333K, committed 9600K, reserved 1048576K
}
Event: 10.601 GC heap before
{Heap before GC invocations=17 (full 0):
 garbage-first heap   total 124928K, used 94257K [0x0000000082800000, 0x0000000100000000)
  region size 1024K, 66 young (67584K), 5 survivors (5120K)
 Metaspace       used 73447K, committed 74048K, reserved 1114112K
  class space    used 10687K, committed 10944K, reserved 1048576K
}
Event: 10.613 GC heap after
{Heap after GC invocations=18 (full 0):
 garbage-first heap   total 124928K, used 36493K [0x0000000082800000, 0x0000000100000000)
  region size 1024K, 9 young (9216K), 9 survivors (9216K)
 Metaspace       used 73447K, committed 74048K, reserved 1114112K
  class space    used 10687K, committed 10944K, reserved 1048576K
}
Event: 11.575 GC heap before
{Heap before GC invocations=18 (full 0):
 garbage-first heap   total 124928K, used 94861K [0x0000000082800000, 0x0000000100000000)
  region size 1024K, 65 young (66560K), 9 survivors (9216K)
 Metaspace       used 77889K, committed 78400K, reserved 1179648K
  class space    used 11274K, committed 11520K, reserved 1048576K
}
Event: 11.588 GC heap after
{Heap after GC invocations=19 (full 0):
 garbage-first heap   total 124928K, used 43067K [0x0000000082800000, 0x0000000100000000)
  region size 1024K, 9 young (9216K), 9 survivors (9216K)
 Metaspace       used 77889K, committed 78400K, reserved 1179648K
  class space    used 11274K, committed 11520K, reserved 1048576K
}
Event: 11.883 GC heap before
{Heap before GC invocations=19 (full 0):
 garbage-first heap   total 124928K, used 95291K [0x0000000082800000, 0x0000000100000000)
  region size 1024K, 60 young (61440K), 9 survivors (9216K)
 Metaspace       used 77984K, committed 78528K, reserved 1179648K
  class space    used 11287K, committed 11520K, reserved 1048576K
}
Event: 11.897 GC heap after
{Heap after GC invocations=20 (full 0):
 garbage-first heap   total 124928K, used 55407K [0x0000000082800000, 0x0000000100000000)
  region size 1024K, 8 young (8192K), 8 survivors (8192K)
 Metaspace       used 77984K, committed 78528K, reserved 1179648K
  class space    used 11287K, committed 11520K, reserved 1048576K
}
Event: 12.028 GC heap before
{Heap before GC invocations=20 (full 0):
 garbage-first heap   total 124928K, used 92271K [0x0000000082800000, 0x0000000100000000)
  region size 1024K, 45 young (46080K), 8 survivors (8192K)
 Metaspace       used 77984K, committed 78528K, reserved 1179648K
  class space    used 11287K, committed 11520K, reserved 1048576K
}
Event: 12.037 GC heap after
{Heap after GC invocations=21 (full 0):
 garbage-first heap   total 124928K, used 65536K [0x0000000082800000, 0x0000000100000000)
  region size 1024K, 6 young (6144K), 6 survivors (6144K)
 Metaspace       used 77984K, committed 78528K, reserved 1179648K
  class space    used 11287K, committed 11520K, reserved 1048576K
}
Event: 12.123 GC heap before
{Heap before GC invocations=21 (full 0):
 garbage-first heap   total 124928K, used 75776K [0x0000000082800000, 0x0000000100000000)
  region size 1024K, 17 young (17408K), 6 survivors (6144K)
 Metaspace       used 77984K, committed 78528K, reserved 1179648K
  class space    used 11287K, committed 11520K, reserved 1048576K
}
Event: 12.129 GC heap after
{Heap after GC invocations=22 (full 0):
 garbage-first heap   total 124928K, used 70132K [0x0000000082800000, 0x0000000100000000)
  region size 1024K, 4 young (4096K), 4 survivors (4096K)
 Metaspace       used 77984K, committed 78528K, reserved 1179648K
  class space    used 11287K, committed 11520K, reserved 1048576K
}

