# JRE version: Java(TM) SE Runtime Environment (17.0.8+9) (build 17.0.8+9-LTS-211)
# Java VM: Java HotSpot(TM) 64-Bit Server VM (17.0.8+9-LTS-211, mixed mode, emulated-client, sharing, tiered, compressed oops, compressed class ptrs, g1 gc, windows-amd64)
GC Precious Log:
 CPUs: 8 total, 8 available
 Memory: 8029M
 Large Page Support: Disabled
 NUMA Support: Disabled
 Compressed Oops: Enabled (32-bit)
 Heap Region Size: 1M
 Heap Min Capacity: 8M
 Heap Initial Capacity: 126M
 Heap Max Capacity: 2008M
 Pre-touch: Disabled
 Parallel Workers: 8
 Concurrent Workers: 2
 Concurrent Refinement Workers: 8
 Periodic GC: Disabled
Heap:
 garbage-first heap   total 143360K, used 79827K [0x0000000082800000, 0x0000000100000000)
  region size 1024K, 5 young (5120K), 5 survivors (5120K)
 Metaspace       used 79359K, committed 80064K, reserved 1179648K
  class space    used 11498K, committed 11840K, reserved 1048576K
GC Heap History (20 events):
Event: 14.037 GC heap after
{Heap after GC invocations=20 (full 0):
 garbage-first heap   total 86016K, used 43777K [0x0000000082800000, 0x0000000100000000)
  region size 1024K, 4 young (4096K), 4 survivors (4096K)
 Metaspace       used 78516K, committed 79232K, reserved 1179648K
  class space    used 11386K, committed 11712K, reserved 1048576K
}
Event: 14.282 GC heap before
{Heap before GC invocations=21 (full 0):
 garbage-first heap   total 86016K, used 50945K [0x0000000082800000, 0x0000000100000000)
  region size 1024K, 12 young (12288K), 4 survivors (4096K)
 Metaspace       used 79225K, committed 79872K, reserved 1179648K
  class space    used 11479K, committed 11776K, reserved 1048576K
}
Event: 14.289 GC heap after
{Heap after GC invocations=22 (full 0):
 garbage-first heap   total 86016K, used 44762K [0x0000000082800000, 0x0000000100000000)
  region size 1024K, 3 young (3072K), 3 survivors (3072K)
 Metaspace       used 79225K, committed 79872K, reserved 1179648K
  class space    used 11479K, committed 11776K, reserved 1048576K
}
Event: 14.482 GC heap before
{Heap before GC invocations=23 (full 0):
 garbage-first heap   total 96256K, used 69338K [0x0000000082800000, 0x0000000100000000)
  region size 1024K, 27 young (27648K), 3 survivors (3072K)
 Metaspace       used 79252K, committed 79872K, reserved 1179648K
  class space    used 11483K, committed 11776K, reserved 1048576K
}
Event: 14.488 GC heap after
{Heap after GC invocations=24 (full 0):
 garbage-first heap   total 96256K, used 49487K [0x0000000082800000, 0x0000000100000000)
  region size 1024K, 4 young (4096K), 4 survivors (4096K)
 Metaspace       used 79252K, committed 79872K, reserved 1179648K
  class space    used 11483K, committed 11776K, reserved 1048576K
}
Event: 14.589 GC heap before
{Heap before GC invocations=24 (full 0):
 garbage-first heap   total 96256K, used 74063K [0x0000000082800000, 0x0000000100000000)
  region size 1024K, 29 young (29696K), 4 survivors (4096K)
 Metaspace       used 79265K, committed 79936K, reserved 1179648K
  class space    used 11485K, committed 11776K, reserved 1048576K
}
Event: 14.597 GC heap after
{Heap after GC invocations=25 (full 0):
 garbage-first heap   total 116736K, used 57220K [0x0000000082800000, 0x0000000100000000)
  region size 1024K, 4 young (4096K), 4 survivors (4096K)
 Metaspace       used 79265K, committed 79936K, reserved 1179648K
  class space    used 11485K, committed 11776K, reserved 1048576K
}
Event: 14.749 GC heap before
{Heap before GC invocations=26 (full 0):
 garbage-first heap   total 116736K, used 66436K [0x0000000082800000, 0x0000000100000000)
  region size 1024K, 15 young (15360K), 4 survivors (4096K)
 Metaspace       used 79346K, committed 80064K, reserved 1179648K
  class space    used 11496K, committed 11840K, reserved 1048576K
}
Event: 14.755 GC heap after
{Heap after GC invocations=27 (full 0):
 garbage-first heap   total 116736K, used 60105K [0x0000000082800000, 0x0000000100000000)
  region size 1024K, 3 young (3072K), 3 survivors (3072K)
 Metaspace       used 79346K, committed 80064K, reserved 1179648K
  class space    used 11496K, committed 11840K, reserved 1048576K
}
Event: 14.895 GC heap before
{Heap before GC invocations=28 (full 0):
 garbage-first heap   total 128000K, used 84681K [0x0000000082800000, 0x0000000100000000)
  region size 1024K, 26 young (26624K), 3 survivors (3072K)
 Metaspace       used 79346K, committed 80064K, reserved 1179648K
  class space    used 11496K, committed 11840K, reserved 1048576K
}
Event: 14.901 GC heap after
{Heap after GC invocations=29 (full 0):
 garbage-first heap   total 128000K, used 64957K [0x0000000082800000, 0x0000000100000000)
  region size 1024K, 4 young (4096K), 4 survivors (4096K)
 Metaspace       used 79346K, committed 80064K, reserved 1179648K
  class space    used 11496K, committed 11840K, reserved 1048576K
}
Event: 14.912 GC heap before
{Heap before GC invocations=29 (full 0):
 garbage-first heap   total 128000K, used 67005K [0x0000000082800000, 0x0000000100000000)
  region size 1024K, 6 young (6144K), 4 survivors (4096K)
 Metaspace       used 79346K, committed 80064K, reserved 1179648K
  class space    used 11496K, committed 11840K, reserved 1048576K
}
Event: 14.917 GC heap after
{Heap after GC invocations=30 (full 0):
 garbage-first heap   total 128000K, used 65510K [0x0000000082800000, 0x0000000100000000)
  region size 1024K, 1 young (1024K), 1 survivors (1024K)
 Metaspace       used 79346K, committed 80064K, reserved 1179648K
  class space    used 11496K, committed 11840K, reserved 1048576K
}
Event: 15.036 GC heap before
{Heap before GC invocations=30 (full 0):
 garbage-first heap   total 128000K, used 92134K [0x0000000082800000, 0x0000000100000000)
  region size 1024K, 28 young (28672K), 1 survivors (1024K)
 Metaspace       used 79347K, committed 80064K, reserved 1179648K
  class space    used 11496K, committed 11840K, reserved 1048576K
}
Event: 15.043 GC heap after
{Heap after GC invocations=31 (full 0):
 garbage-first heap   total 128000K, used 73262K [0x0000000082800000, 0x0000000100000000)
  region size 1024K, 4 young (4096K), 4 survivors (4096K)
 Metaspace       used 79347K, committed 80064K, reserved 1179648K
  class space    used 11496K, committed 11840K, reserved 1048576K
}
Event: 15.204 GC heap before
{Heap before GC invocations=32 (full 0):
 garbage-first heap   total 143360K, used 93742K [0x0000000082800000, 0x0000000100000000)
  region size 1024K, 26 young (26624K), 4 survivors (4096K)
 Metaspace       used 79347K, committed 80064K, reserved 1179648K
  class space    used 11496K, committed 11840K, reserved 1048576K
}
Event: 15.210 GC heap after
{Heap after GC invocations=33 (full 0):
 garbage-first heap   total 143360K, used 76375K [0x0000000082800000, 0x0000000100000000)
  region size 1024K, 4 young (4096K), 4 survivors (4096K)
 Metaspace       used 79347K, committed 80064K, reserved 1179648K
  class space    used 11496K, committed 11840K, reserved 1048576K
}
Event: 15.225 GC heap before
{Heap before GC invocations=33 (full 0):
 garbage-first heap   total 143360K, used 78423K [0x0000000082800000, 0x0000000100000000)
  region size 1024K, 7 young (7168K), 4 survivors (4096K)
 Metaspace       used 79347K, committed 80064K, reserved 1179648K
  class space    used 11496K, committed 11840K, reserved 1048576K
}
Event: 15.228 GC heap after
{Heap after GC invocations=34 (full 0):
 garbage-first heap   total 143360K, used 69302K [0x0000000082800000, 0x0000000100000000)
  region size 1024K, 1 young (1024K), 1 survivors (1024K)
 Metaspace       used 79347K, committed 80064K, reserved 1179648K
  class space    used 11496K, committed 11840K, reserved 1048576K
}
Event: 15.469 GC heap before
{Heap before GC invocations=34 (full 0):
 garbage-first heap   total 143360K, used 103094K [0x0000000082800000, 0x0000000100000000)
  region size 1024K, 34 young (34816K), 1 survivors (1024K)
 Metaspace       used 79359K, committed 80064K, reserved 1179648K
  class space    used 11498K, committed 11840K, reserved 1048576K
}

