# JRE version: Java(TM) SE Runtime Environment (17.0.8+9) (build 17.0.8+9-LTS-211)
# Java VM: Java HotSpot(TM) 64-Bit Server VM (17.0.8+9-LTS-211, mixed mode, sharing, tiered, compressed oops, compressed class ptrs, g1 gc, windows-amd64)
GC Precious Log:
 CPUs: 8 total, 8 available
 Memory: 8029M
 Large Page Support: Disabled
 NUMA Support: Disabled
 Compressed Oops: Enabled (32-bit)
 Heap Region Size: 1M
 Heap Min Capacity: 256M
 Heap Initial Capacity: 256M
 Heap Max Capacity: 512M
 Pre-touch: Disabled
 Parallel Workers: 8
 Concurrent Workers: 2
 Concurrent Refinement Workers: 8
 Periodic GC: Disabled
Heap:
 garbage-first heap   total 262144K, used 142644K [0x00000000e0000000, 0x0000000100000000)
  region size 1024K, 114 young (116736K), 2 survivors (2048K)
 Metaspace       used 35019K, committed 35392K, reserved 393216K
  class space    used 4861K, committed 5056K, reserved 327680K
GC Heap History (8 events):
Event: 0.894 GC heap before
{Heap before GC invocations=0 (full 0):
 garbage-first heap   total 262144K, used 26624K [0x00000000e0000000, 0x0000000100000000)
  region size 1024K, 23 young (23552K), 0 survivors (0K)
 Metaspace       used 1982K, committed 2176K, reserved 393216K
  class space    used 206K, committed 320K, reserved 327680K
}
Event: 0.899 GC heap after
{Heap after GC invocations=1 (full 0):
 garbage-first heap   total 262144K, used 10732K [0x00000000e0000000, 0x0000000100000000)
  region size 1024K, 3 young (3072K), 3 survivors (3072K)
 Metaspace       used 1982K, committed 2176K, reserved 393216K
  class space    used 206K, committed 320K, reserved 327680K
}
Event: 1.579 GC heap before
{Heap before GC invocations=1 (full 0):
 garbage-first heap   total 262144K, used 38380K [0x00000000e0000000, 0x0000000100000000)
  region size 1024K, 30 young (30720K), 3 survivors (3072K)
 Metaspace       used 4061K, committed 4224K, reserved 393216K
  class space    used 507K, committed 640K, reserved 327680K
}
Event: 1.583 GC heap after
{Heap after GC invocations=2 (full 0):
 garbage-first heap   total 262144K, used 12407K [0x00000000e0000000, 0x0000000100000000)
  region size 1024K, 2 young (2048K), 2 survivors (2048K)
 Metaspace       used 4061K, committed 4224K, reserved 393216K
  class space    used 507K, committed 640K, reserved 327680K
}
Event: 6.033 GC heap before
{Heap before GC invocations=2 (full 0):
 garbage-first heap   total 262144K, used 135287K [0x00000000e0000000, 0x0000000100000000)
  region size 1024K, 120 young (122880K), 2 survivors (2048K)
 Metaspace       used 19999K, committed 20352K, reserved 393216K
  class space    used 2919K, committed 3136K, reserved 327680K
}
Event: 6.047 GC heap after
{Heap after GC invocations=3 (full 0):
 garbage-first heap   total 262144K, used 23750K [0x00000000e0000000, 0x0000000100000000)
  region size 1024K, 12 young (12288K), 12 survivors (12288K)
 Metaspace       used 19999K, committed 20352K, reserved 393216K
  class space    used 2919K, committed 3136K, reserved 327680K
}
Event: 6.699 GC heap before
{Heap before GC invocations=3 (full 0):
 garbage-first heap   total 262144K, used 32966K [0x00000000e0000000, 0x0000000100000000)
  region size 1024K, 22 young (22528K), 12 survivors (12288K)
 Metaspace       used 21144K, committed 21504K, reserved 393216K
  class space    used 3113K, committed 3328K, reserved 327680K
}
Event: 6.712 GC heap after
{Heap after GC invocations=4 (full 0):
 garbage-first heap   total 262144K, used 24884K [0x00000000e0000000, 0x0000000100000000)
  region size 1024K, 2 young (2048K), 2 survivors (2048K)
 Metaspace       used 21144K, committed 21504K, reserved 393216K
  class space    used 3113K, committed 3328K, reserved 327680K
}

